<?xml version="1.0" encoding="UTF-8"?>
<coverage generated="1643030906148" clover="3.2.0">
  <project timestamp="1643030906148" name="All files">
    <metrics statements="22" coveredstatements="22" conditionals="14" coveredconditionals="14" methods="7" coveredmethods="7" elements="43" coveredelements="43" complexity="0" loc="22" ncloc="22" packages="1" files="1" classes="1"/>
    <file name="atividade1.js" path="/Users/vntgali/Documents/Projetos/Estudos/curso-testes-automatizados/Aula 2/atividade1.js">
      <metrics statements="22" coveredstatements="22" conditionals="14" coveredconditionals="14" methods="7" coveredmethods="7"/>
      <line num="8" count="5" type="stmt"/>
      <line num="17" count="9" type="stmt"/>
      <line num="18" count="9" type="cond" truecount="2" falsecount="0"/>
      <line num="27" count="3" type="stmt"/>
      <line num="28" count="3" type="cond" truecount="2" falsecount="0"/>
      <line num="38" count="3" type="cond" truecount="4" falsecount="0"/>
      <line num="39" count="2" type="stmt"/>
      <line num="40" count="2" type="stmt"/>
      <line num="41" count="2" type="stmt"/>
      <line num="44" count="1" type="stmt"/>
      <line num="57" count="2" type="cond" truecount="2" falsecount="0"/>
      <line num="58" count="1" type="stmt"/>
      <line num="59" count="1" type="stmt"/>
      <line num="60" count="1" type="stmt"/>
      <line num="62" count="1" type="stmt"/>
      <line num="76" count="1" type="stmt"/>
      <line num="78" count="1" type="stmt"/>
      <line num="79" count="6" type="cond" truecount="4" falsecount="0"/>
      <line num="80" count="2" type="stmt"/>
      <line num="82" count="4" type="stmt"/>
      <line num="84" count="1" type="stmt"/>
      <line num="89" count="1" type="stmt"/>
    </file>
  </project>
</coverage>
