{"/Users/vntgali/Documents/Projetos/Estudos/curso-testes-automatizados/Aula 2/atividade1.js": {"path":"/Users/vntgali/Documents/Projetos/Estudos/curso-testes-automatizados/Aula 2/atividade1.js","statementMap":{"0":{"start":{"line":8,"column":8},"end":{"line":8,"column":29}},"1":{"start":{"line":17,"column":21},"end":{"line":17,"column":76}},"2":{"start":{"line":18,"column":8},"end":{"line":18,"column":40}},"3":{"start":{"line":27,"column":21},"end":{"line":27,"column":80}},"4":{"start":{"line":28,"column":8},"end":{"line":28,"column":40}},"5":{"start":{"line":38,"column":8},"end":{"line":45,"column":9}},"6":{"start":{"line":39,"column":30},"end":{"line":39,"column":86}},"7":{"start":{"line":40,"column":29},"end":{"line":40,"column":85}},"8":{"start":{"line":41,"column":12},"end":{"line":41,"column":68}},"9":{"start":{"line":44,"column":12},"end":{"line":44,"column":21}},"10":{"start":{"line":57,"column":8},"end":{"line":63,"column":9}},"11":{"start":{"line":58,"column":30},"end":{"line":58,"column":51}},"12":{"start":{"line":59,"column":28},"end":{"line":59,"column":135}},"13":{"start":{"line":60,"column":12},"end":{"line":60,"column":28}},"14":{"start":{"line":62,"column":12},"end":{"line":62,"column":21}},"15":{"start":{"line":76,"column":23},"end":{"line":76,"column":37}},"16":{"start":{"line":78,"column":24},"end":{"line":83,"column":10}},"17":{"start":{"line":79,"column":12},"end":{"line":81,"column":13}},"18":{"start":{"line":80,"column":16},"end":{"line":80,"column":26}},"19":{"start":{"line":82,"column":12},"end":{"line":82,"column":23}},"20":{"start":{"line":84,"column":8},"end":{"line":84,"column":33}},"21":{"start":{"line":89,"column":0},"end":{"line":89,"column":37}}},"fnMap":{"0":{"name":"(anonymous_0)","decl":{"start":{"line":7,"column":4},"end":{"line":7,"column":5}},"loc":{"start":{"line":7,"column":24},"end":{"line":9,"column":5}},"line":7},"1":{"name":"(anonymous_1)","decl":{"start":{"line":16,"column":4},"end":{"line":16,"column":5}},"loc":{"start":{"line":16,"column":27},"end":{"line":19,"column":5}},"line":16},"2":{"name":"(anonymous_2)","decl":{"start":{"line":26,"column":4},"end":{"line":26,"column":5}},"loc":{"start":{"line":26,"column":26},"end":{"line":29,"column":5}},"line":26},"3":{"name":"(anonymous_3)","decl":{"start":{"line":37,"column":4},"end":{"line":37,"column":5}},"loc":{"start":{"line":37,"column":46},"end":{"line":46,"column":5}},"line":37},"4":{"name":"(anonymous_4)","decl":{"start":{"line":56,"column":4},"end":{"line":56,"column":5}},"loc":{"start":{"line":56,"column":16},"end":{"line":64,"column":5}},"line":56},"5":{"name":"(anonymous_5)","decl":{"start":{"line":75,"column":4},"end":{"line":75,"column":5}},"loc":{"start":{"line":75,"column":20},"end":{"line":85,"column":5}},"line":75},"6":{"name":"(anonymous_6)","decl":{"start":{"line":78,"column":37},"end":{"line":78,"column":38}},"loc":{"start":{"line":78,"column":60},"end":{"line":83,"column":9}},"line":78}},"branchMap":{"0":{"loc":{"start":{"line":18,"column":15},"end":{"line":18,"column":40}},"type":"cond-expr","locations":[{"start":{"line":18,"column":29},"end":{"line":18,"column":35}},{"start":{"line":18,"column":38},"end":{"line":18,"column":40}}],"line":18},"1":{"loc":{"start":{"line":28,"column":15},"end":{"line":28,"column":40}},"type":"cond-expr","locations":[{"start":{"line":28,"column":29},"end":{"line":28,"column":35}},{"start":{"line":28,"column":38},"end":{"line":28,"column":40}}],"line":28},"2":{"loc":{"start":{"line":38,"column":8},"end":{"line":45,"column":9}},"type":"if","locations":[{"start":{"line":38,"column":8},"end":{"line":45,"column":9}},{"start":{"line":43,"column":15},"end":{"line":45,"column":9}}],"line":38},"3":{"loc":{"start":{"line":38,"column":12},"end":{"line":38,"column":84}},"type":"binary-expr","locations":[{"start":{"line":38,"column":12},"end":{"line":38,"column":46}},{"start":{"line":38,"column":50},"end":{"line":38,"column":84}}],"line":38},"4":{"loc":{"start":{"line":57,"column":8},"end":{"line":63,"column":9}},"type":"if","locations":[{"start":{"line":57,"column":8},"end":{"line":63,"column":9}},{"start":{"line":61,"column":15},"end":{"line":63,"column":9}}],"line":57},"5":{"loc":{"start":{"line":79,"column":12},"end":{"line":81,"column":13}},"type":"if","locations":[{"start":{"line":79,"column":12},"end":{"line":81,"column":13}},{"start":{},"end":{}}],"line":79},"6":{"loc":{"start":{"line":79,"column":16},"end":{"line":79,"column":50}},"type":"binary-expr","locations":[{"start":{"line":79,"column":16},"end":{"line":79,"column":27}},{"start":{"line":79,"column":31},"end":{"line":79,"column":50}}],"line":79}},"s":{"0":5,"1":9,"2":9,"3":3,"4":3,"5":3,"6":2,"7":2,"8":2,"9":1,"10":2,"11":1,"12":1,"13":1,"14":1,"15":1,"16":1,"17":6,"18":2,"19":4,"20":1,"21":1},"f":{"0":5,"1":9,"2":3,"3":3,"4":2,"5":1,"6":6},"b":{"0":[7,2],"1":[2,1],"2":[2,1],"3":[3,3],"4":[1,1],"5":[2,4],"6":[6,5]},"_coverageSchema":"1a1c01bbd47fc00a2c39e90264f33305004495a9","hash":"3f14c744cbf2ebc3212f68ccd40a3ad27ec34b44"}
}
