TN:
SF:Aula 2/atividade1.js
FN:7,(anonymous_0)
FN:16,(anonymous_1)
FN:26,(anonymous_2)
FN:37,(anonymous_3)
FN:56,(anonymous_4)
FN:75,(anonymous_5)
FN:78,(anonymous_6)
FNF:7
FNH:7
FNDA:5,(anonymous_0)
FNDA:9,(anonymous_1)
FNDA:3,(anonymous_2)
FNDA:3,(anonymous_3)
FNDA:2,(anonymous_4)
FNDA:1,(anonymous_5)
FNDA:6,(anonymous_6)
DA:8,5
DA:17,9
DA:18,9
DA:27,3
DA:28,3
DA:38,3
DA:39,2
DA:40,2
DA:41,2
DA:44,1
DA:57,2
DA:58,1
DA:59,1
DA:60,1
DA:62,1
DA:76,1
DA:78,1
DA:79,6
DA:80,2
DA:82,4
DA:84,1
DA:89,1
LF:22
LH:22
BRDA:18,0,0,7
BRDA:18,0,1,2
BRDA:28,1,0,2
BRDA:28,1,1,1
BRDA:38,2,0,2
BRDA:38,2,1,1
BRDA:38,3,0,3
BRDA:38,3,1,3
BRDA:57,4,0,1
BRDA:57,4,1,1
BRDA:79,5,0,2
BRDA:79,5,1,4
BRDA:79,6,0,6
BRDA:79,6,1,5
BRF:14
BRH:14
end_of_record
